<?xml version="1.0" encoding="UTF-8"?>
<!-- Generated by org.testng.reporters.JUnitReportReporter -->
<testsuite hostname="Srinivas" name="com.docker.testCases.GoogleSearchTest" tests="2" failures="0" timestamp="27 Jan 2022 18:51:32 GMT" time="7.254" errors="0">
  <testcase name="searchPageTest" time="3.470" classname="com.docker.testCases.GoogleSearchTest"/>
  <testcase name="searchPageTest" time="3.784" classname="com.docker.testCases.GoogleSearchTest"/>
</testsuite> <!-- com.docker.testCases.GoogleSearchTest -->
