<?xml version="1.0" encoding="UTF-8"?>
<!-- Generated by org.testng.reporters.JUnitReportReporter -->
<testsuite hostname="Srinivas" name="com.docker.testCases.GoogleHomeTest" tests="1" failures="0" timestamp="27 Jan 2022 18:51:32 GMT" time="4.977" errors="0">
  <testcase name="searchTest" time="4.977" classname="com.docker.testCases.GoogleHomeTest"/>
</testsuite> <!-- com.docker.testCases.GoogleHomeTest -->
