<?xml version="1.0" encoding="UTF-8"?>
<!-- Generated by org.testng.reporters.JUnitReportReporter -->
<testsuite hostname="Srinivas" name="com.docker.testCases.GoogleSearchTest" tests="2" failures="0" timestamp="27 Jan 2022 18:20:38 GMT" time="16.464" errors="0">
  <testcase name="searchPageTest" time="9.133" classname="com.docker.testCases.GoogleSearchTest"/>
  <testcase name="searchPageTest" time="7.331" classname="com.docker.testCases.GoogleSearchTest"/>
</testsuite> <!-- com.docker.testCases.GoogleSearchTest -->
